[2026-03-07 17:14:24,181][confidence_tom.scale_dataset][INFO] - Loading scale experiment dataset (15 per source)...
[2026-03-07 17:14:24,181][confidence_tom.scale_dataset][INFO] - Loading MMLU (15 questions)...
[2026-03-07 17:14:27,391][confidence_tom.scale_dataset][INFO] -   Loaded 15 MMLU questions
[2026-03-07 17:14:27,392][confidence_tom.scale_dataset][INFO] - Loading ARC-Challenge (15 questions)...
[2026-03-07 17:14:29,587][confidence_tom.scale_dataset][INFO] -   Loaded 15 ARC-Challenge questions
[2026-03-07 17:14:29,587][confidence_tom.scale_dataset][INFO] - Loading TruthfulQA MC (15 questions)...
[2026-03-07 17:14:31,758][confidence_tom.scale_dataset][INFO] -   Loaded 15 TruthfulQA MC questions
[2026-03-07 17:14:31,758][confidence_tom.scale_dataset][INFO] - Loading GSM8K as MC (15 questions)...
[2026-03-07 17:14:33,897][confidence_tom.scale_dataset][INFO] -   Loaded 15 GSM8K MC questions
[2026-03-07 17:14:33,897][confidence_tom.scale_dataset][INFO] - Scale experiment dataset ready: 60 total questions (MMLU=15, ARC=15, TQA=15, GSM8K=15)
[2026-03-07 17:14:33,898][__main__][INFO] - 📦 Loaded 60 questions
[2026-03-07 17:14:33,898][__main__][INFO] - ⚙️  Config: 3 models × 60 questions × K=10 = 1800 API calls
[2026-03-07 17:14:33,898][__main__][INFO] - ⚙️  Concurrency: 8 per model
[2026-03-07 17:14:33,899][__main__][INFO] - 🚀 [Gemma-3-4B] Starting (google/gemma-3-4b-it)
[2026-03-07 17:14:33,951][__main__][INFO] - 🚀 [Gemma-3-12B] Starting (google/gemma-3-12b-it)
[2026-03-07 17:14:34,001][__main__][INFO] - 🚀 [Gemma-3-27B] Starting (google/gemma-3-27b-it)
[2026-03-07 17:14:38,611][__main__][INFO] -   [Gemma-3-4B] [1/60] tqa_0008 | ✅=False | c_beh=1.00 | c_rep=0.90 | gap=-0.10 | ETA 275s
[2026-03-07 17:14:40,928][__main__][INFO] -   [Gemma-3-4B] [2/60] arc_0008 | ✅=True | c_beh=1.00 | c_rep=0.85 | gap=-0.15 | ETA 202s
[2026-03-07 17:14:50,127][__main__][INFO] -   [Gemma-3-4B] [3/60] mmlu_public_relations_0011 | ✅=False | c_beh=1.00 | c_rep=0.85 | gap=-0.15 | ETA 307s
[2026-03-07 17:14:50,831][__main__][INFO] -   [Gemma-3-4B] [4/60] gsm8k_0009 | ✅=True | c_beh=1.00 | c_rep=0.93 | gap=-0.07 | ETA 236s
[2026-03-07 17:14:51,645][__main__][INFO] -   [Gemma-3-4B] [5/60] arc_0001 | ✅=False | c_beh=1.00 | c_rep=0.83 | gap=-0.17 | ETA 195s
[2026-03-07 17:14:53,963][__main__][INFO] -   [Gemma-3-4B] [6/60] arc_0005 | ✅=True | c_beh=1.00 | c_rep=0.92 | gap=-0.09 | ETA 180s
[2026-03-07 17:15:14,568][__main__][INFO] -   [Gemma-3-12B] [1/60] tqa_0008 | ✅=False | c_beh=1.00 | c_rep=0.95 | gap=-0.05 | ETA 2393s
[2026-03-07 17:15:16,756][__main__][INFO] -   [Gemma-3-12B] [2/60] arc_0008 | ✅=True | c_beh=1.00 | c_rep=0.84 | gap=-0.15 | ETA 1240s
[2026-03-07 17:15:16,853][__main__][INFO] -   [Gemma-3-4B] [7/60] gsm8k_0010 | ✅=False | c_beh=0.80 | c_rep=0.91 | gap=+0.10 | ETA 325s
[2026-03-07 17:15:31,212][__main__][INFO] -   [Gemma-3-12B] [3/60] mmlu_public_relations_0011 | ✅=False | c_beh=1.00 | c_rep=0.71 | gap=-0.29 | ETA 1087s
[2026-03-07 17:15:34,629][__main__][INFO] -   [Gemma-3-12B] [4/60] arc_0001 | ✅=True | c_beh=1.00 | c_rep=0.88 | gap=-0.12 | ETA 849s
[2026-03-07 17:15:36,487][__main__][INFO] -   [Gemma-3-4B] [8/60] gsm8k_0013 | ✅=False | c_beh=0.60 | c_rep=0.86 | gap=+0.27 | ETA 406s
[2026-03-07 17:15:37,513][__main__][INFO] -   [Gemma-3-12B] [5/60] arc_0005 | ✅=True | c_beh=1.00 | c_rep=0.77 | gap=-0.23 | ETA 699s
[2026-03-07 17:15:43,234][__main__][INFO] -   [Gemma-3-12B] [6/60] gsm8k_0009 | ✅=False | c_beh=0.50 | c_rep=0.81 | gap=+0.32 | ETA 623s
[2026-03-07 17:16:02,643][__main__][INFO] -   [Gemma-3-27B] [1/60] tqa_0008 | ✅=False | c_beh=0.60 | c_rep=0.86 | gap=+0.26 | ETA 5227s
[2026-03-07 17:16:06,449][__main__][INFO] -   [Gemma-3-27B] [2/60] arc_0008 | ✅=True | c_beh=1.00 | c_rep=0.79 | gap=-0.21 | ETA 2680s
[2026-03-07 17:16:08,176][__main__][INFO] -   [Gemma-3-12B] [7/60] gsm8k_0010 | ✅=False | c_beh=1.00 | c_rep=0.75 | gap=-0.25 | ETA 713s
[2026-03-07 17:16:18,143][__main__][INFO] -   [Gemma-3-12B] [8/60] gsm8k_0013 | ✅=False | c_beh=1.00 | c_rep=0.73 | gap=-0.27 | ETA 677s
[2026-03-07 17:16:20,164][__main__][INFO] -   [Gemma-3-27B] [3/60] mmlu_public_relations_0011 | ✅=False | c_beh=1.00 | c_rep=0.71 | gap=-0.29 | ETA 2016s
[2026-03-07 17:16:24,504][__main__][INFO] -   [Gemma-3-27B] [4/60] arc_0001 | ✅=True | c_beh=1.00 | c_rep=0.90 | gap=-0.10 | ETA 1546s
[2026-03-07 17:16:28,524][__main__][INFO] -   [Gemma-3-27B] [5/60] arc_0005 | ✅=True | c_beh=1.00 | c_rep=0.75 | gap=-0.25 | ETA 1259s
[2026-03-07 17:16:41,803][__main__][INFO] -   [Gemma-3-27B] [6/60] gsm8k_0009 | ✅=False | c_beh=1.00 | c_rep=0.76 | gap=-0.24 | ETA 1150s
[2026-03-07 17:16:44,878][__main__][INFO] -   [Gemma-3-27B] [7/60] gsm8k_0010 | ✅=False | c_beh=1.00 | c_rep=0.85 | gap=-0.15 | ETA 991s
[2026-03-07 17:16:52,419][__main__][INFO] -   [Gemma-3-4B] [9/60] tqa_0003 | ✅=False | c_beh=1.00 | c_rep=0.80 | gap=-0.20 | ETA 785s
[2026-03-07 17:16:57,424][__main__][INFO] -   [Gemma-3-4B] [10/60] arc_0004 | ✅=True | c_beh=1.00 | c_rep=0.86 | gap=-0.14 | ETA 717s
[2026-03-07 17:17:00,378][__main__][INFO] -   [Gemma-3-4B] [11/60] mmlu_jurisprudence_0009 | ✅=True | c_beh=1.00 | c_rep=0.67 | gap=-0.33 | ETA 652s
[2026-03-07 17:17:01,619][__main__][INFO] -   [Gemma-3-27B] [8/60] gsm8k_0013 | ✅=False | c_beh=1.00 | c_rep=0.77 | gap=-0.23 | ETA 959s
[2026-03-07 17:17:02,685][__main__][INFO] -   [Gemma-3-4B] [12/60] tqa_0006 | ✅=False | c_beh=1.00 | c_rep=0.85 | gap=-0.15 | ETA 595s
[2026-03-07 17:17:04,883][__main__][INFO] -   [Gemma-3-4B] [13/60] tqa_0001 | ✅=True | c_beh=1.00 | c_rep=0.75 | gap=-0.25 | ETA 546s
[2026-03-07 17:17:09,636][__main__][INFO] -   [Gemma-3-4B] [14/60] gsm8k_0000 | ✅=False | c_beh=1.00 | c_rep=0.92 | gap=-0.09 | ETA 512s
[2026-03-07 17:17:10,068][__main__][INFO] -   [Gemma-3-12B] [9/60] tqa_0003 | ✅=True | c_beh=1.00 | c_rep=0.91 | gap=-0.09 | ETA 884s
[2026-03-07 17:17:12,690][__main__][INFO] -   [Gemma-3-12B] [10/60] arc_0004 | ✅=True | c_beh=1.00 | c_rep=0.95 | gap=-0.05 | ETA 793s
[2026-03-07 17:17:14,775][__main__][INFO] -   [Gemma-3-4B] [15/60] tqa_0000 | ✅=False | c_beh=1.00 | c_rep=0.75 | gap=-0.25 | ETA 482s
[2026-03-07 17:17:17,115][__main__][INFO] -   [Gemma-3-12B] [11/60] mmlu_jurisprudence_0009 | ✅=True | c_beh=1.00 | c_rep=0.68 | gap=-0.32 | ETA 727s
[2026-03-07 17:17:19,533][__main__][INFO] -   [Gemma-3-12B] [12/60] tqa_0006 | ✅=False | c_beh=1.00 | c_rep=0.85 | gap=-0.15 | ETA 662s
[2026-03-07 17:17:21,875][__main__][INFO] -   [Gemma-3-4B] [16/60] gsm8k_0004 | ✅=True | c_beh=1.00 | c_rep=0.85 | gap=-0.15 | ETA 462s
[2026-03-07 17:17:24,176][__main__][INFO] -   [Gemma-3-12B] [13/60] tqa_0001 | ✅=True | c_beh=1.00 | c_rep=0.82 | gap=-0.17 | ETA 615s
[2026-03-07 17:17:33,041][__main__][INFO] -   [Gemma-3-27B] [9/60] tqa_0003 | ✅=True | c_beh=1.00 | c_rep=0.89 | gap=-0.11 | ETA 1014s
[2026-03-07 17:17:37,454][__main__][INFO] -   [Gemma-3-27B] [10/60] arc_0004 | ✅=True | c_beh=1.00 | c_rep=0.88 | gap=-0.12 | ETA 917s
[2026-03-07 17:17:40,212][__main__][INFO] -   [Gemma-3-12B] [14/60] tqa_0000 | ✅=False | c_beh=1.00 | c_rep=0.65 | gap=-0.35 | ETA 612s
[2026-03-07 17:17:43,185][__main__][INFO] -   [Gemma-3-12B] [15/60] gsm8k_0004 | ✅=True | c_beh=1.00 | c_rep=0.86 | gap=-0.14 | ETA 568s
[2026-03-07 17:17:46,055][__main__][INFO] -   [Gemma-3-12B] [16/60] gsm8k_0000 | ✅=False | c_beh=1.00 | c_rep=0.91 | gap=-0.09 | ETA 528s
[2026-03-07 17:17:47,160][__main__][INFO] -   [Gemma-3-27B] [11/60] mmlu_jurisprudence_0009 | ✅=True | c_beh=1.00 | c_rep=0.70 | gap=-0.29 | ETA 860s
[2026-03-07 17:17:49,658][__main__][INFO] -   [Gemma-3-27B] [12/60] tqa_0006 | ✅=False | c_beh=1.00 | c_rep=0.77 | gap=-0.23 | ETA 782s
[2026-03-07 17:17:52,704][__main__][INFO] -   [Gemma-3-27B] [13/60] tqa_0001 | ✅=True | c_beh=1.00 | c_rep=0.84 | gap=-0.16 | ETA 718s
[2026-03-07 17:17:54,288][__main__][INFO] -   [Gemma-3-27B] [14/60] gsm8k_0000 | ✅=True | c_beh=1.00 | c_rep=0.78 | gap=-0.22 | ETA 658s
[2026-03-07 17:17:57,780][__main__][INFO] -   [Gemma-3-27B] [15/60] tqa_0000 | ✅=False | c_beh=1.00 | c_rep=0.75 | gap=-0.25 | ETA 611s
[2026-03-07 17:17:57,861][__main__][INFO] -   [Gemma-3-4B] [17/60] mmlu_miscellaneous_0003 | ✅=True | c_beh=1.00 | c_rep=0.90 | gap=-0.10 | ETA 516s
[2026-03-07 17:18:00,086][__main__][INFO] -   [Gemma-3-4B] [18/60] arc_0006 | ✅=True | c_beh=1.00 | c_rep=0.90 | gap=-0.10 | ETA 481s
[2026-03-07 17:18:09,243][__main__][INFO] -   [Gemma-3-27B] [16/60] gsm8k_0004 | ✅=True | c_beh=1.00 | c_rep=0.90 | gap=-0.10 | ETA 592s
[2026-03-07 17:18:10,794][__main__][INFO] -   [Gemma-3-4B] [19/60] mmlu_prehistory_0004 | ✅=False | c_beh=1.00 | c_rep=0.54 | gap=-0.46 | ETA 468s
[2026-03-07 17:18:12,863][__main__][INFO] -   [Gemma-3-4B] [20/60] arc_0014 | ✅=True | c_beh=1.00 | c_rep=0.85 | gap=-0.15 | ETA 438s
[2026-03-07 17:18:14,694][__main__][INFO] -   [Gemma-3-4B] [21/60] mmlu_moral_scenarios_0010 | ✅=False | c_beh=1.00 | c_rep=0.85 | gap=-0.15 | ETA 410s
[2026-03-07 17:18:15,895][__main__][INFO] -   [Gemma-3-12B] [17/60] mmlu_miscellaneous_0003 | ✅=True | c_beh=1.00 | c_rep=0.93 | gap=-0.07 | ETA 561s
[2026-03-07 17:18:17,510][__main__][INFO] -   [Gemma-3-12B] [18/60] arc_0006 | ✅=True | c_beh=1.00 | c_rep=0.94 | gap=-0.06 | ETA 522s
[2026-03-07 17:18:19,814][__main__][INFO] -   [Gemma-3-4B] [22/60] gsm8k_0005 | ✅=True | c_beh=0.90 | c_rep=0.93 | gap=+0.03 | ETA 390s
[2026-03-07 17:18:51,085][__main__][INFO] -   [Gemma-3-12B] [19/60] mmlu_prehistory_0004 | ✅=True | c_beh=1.00 | c_rep=0.80 | gap=-0.20 | ETA 555s
[2026-03-07 17:18:53,948][__main__][INFO] -   [Gemma-3-4B] [23/60] arc_0007 | ✅=True | c_beh=1.00 | c_rep=0.85 | gap=-0.15 | ETA 418s
[2026-03-07 17:18:57,615][__main__][INFO] -   [Gemma-3-12B] [20/60] arc_0014 | ✅=True | c_beh=1.00 | c_rep=0.84 | gap=-0.16 | ETA 527s
[2026-03-07 17:19:00,165][__main__][INFO] -   [Gemma-3-4B] [24/60] gsm8k_0014 | ✅=False | c_beh=0.90 | c_rep=0.91 | gap=+0.01 | ETA 399s
[2026-03-07 17:19:02,641][__main__][INFO] -   [Gemma-3-27B] [17/60] mmlu_miscellaneous_0003 | ✅=True | c_beh=1.00 | c_rep=0.86 | gap=-0.14 | ETA 679s
[2026-03-07 17:19:03,791][__main__][INFO] -   [Gemma-3-27B] [18/60] arc_0006 | ✅=True | c_beh=1.00 | c_rep=0.98 | gap=-0.02 | ETA 629s
[2026-03-07 17:19:05,555][__main__][INFO] -   [Gemma-3-12B] [21/60] gsm8k_0005 | ✅=False | c_beh=1.00 | c_rep=0.81 | gap=-0.19 | ETA 504s
[2026-03-07 17:19:06,126][__main__][INFO] -   [Gemma-3-12B] [22/60] mmlu_moral_scenarios_0010 | ✅=False | c_beh=1.00 | c_rep=0.85 | gap=-0.15 | ETA 470s
[2026-03-07 17:19:08,102][__main__][INFO] -   [Gemma-3-12B] [23/60] gsm8k_0014 | ✅=True | c_beh=0.90 | c_rep=0.86 | gap=-0.04 | ETA 441s
[2026-03-07 17:19:09,474][__main__][INFO] -   [Gemma-3-12B] [24/60] arc_0007 | ✅=True | c_beh=1.00 | c_rep=0.83 | gap=-0.17 | ETA 413s
[2026-03-07 17:19:25,603][__main__][INFO] -   [Gemma-3-27B] [19/60] mmlu_prehistory_0004 | ✅=True | c_beh=1.00 | c_rep=0.86 | gap=-0.14 | ETA 629s
[2026-03-07 17:19:32,933][__main__][INFO] -   [Gemma-3-27B] [20/60] arc_0014 | ✅=True | c_beh=1.00 | c_rep=0.80 | gap=-0.20 | ETA 598s
[2026-03-07 17:19:36,546][__main__][INFO] -   [Gemma-3-27B] [21/60] gsm8k_0005 | ✅=False | c_beh=0.60 | c_rep=0.75 | gap=+0.15 | ETA 562s
[2026-03-07 17:19:36,597][__main__][INFO] -   [Gemma-3-27B] [22/60] mmlu_moral_scenarios_0010 | ✅=False | c_beh=1.00 | c_rep=0.82 | gap=-0.18 | ETA 523s
[2026-03-07 17:19:39,269][__main__][INFO] -   [Gemma-3-27B] [23/60] gsm8k_0014 | ✅=True | c_beh=1.00 | c_rep=0.85 | gap=-0.15 | ETA 491s
[2026-03-07 17:19:41,331][__main__][INFO] -   [Gemma-3-4B] [25/60] tqa_0011 | ✅=False | c_beh=1.00 | c_rep=0.82 | gap=-0.18 | ETA 430s
[2026-03-07 17:19:42,559][__main__][INFO] -   [Gemma-3-4B] [26/60] arc_0009 | ✅=False | c_beh=1.00 | c_rep=0.75 | gap=-0.25 | ETA 404s
[2026-03-07 17:19:47,159][__main__][INFO] -   [Gemma-3-27B] [24/60] arc_0007 | ✅=True | c_beh=1.00 | c_rep=0.85 | gap=-0.15 | ETA 470s
[2026-03-07 17:19:55,462][__main__][INFO] -   [Gemma-3-4B] [27/60] tqa_0014 | ✅=False | c_beh=1.00 | c_rep=0.85 | gap=-0.14 | ETA 393s
[2026-03-07 17:19:56,447][__main__][INFO] -   [Gemma-3-4B] [28/60] arc_0010 | ✅=True | c_beh=1.00 | c_rep=0.90 | gap=-0.10 | ETA 369s
[2026-03-07 17:19:56,917][__main__][INFO] -   [Gemma-3-4B] [29/60] mmlu_college_physics_0000 | ✅=False | c_beh=0.70 | c_rep=0.85 | gap=+0.15 | ETA 345s
[2026-03-07 17:19:59,116][__main__][INFO] -   [Gemma-3-12B] [25/60] tqa_0011 | ✅=True | c_beh=1.00 | c_rep=0.94 | gap=-0.06 | ETA 455s
[2026-03-07 17:20:01,264][__main__][INFO] -   [Gemma-3-12B] [26/60] arc_0009 | ✅=True | c_beh=1.00 | c_rep=0.83 | gap=-0.17 | ETA 428s
[2026-03-07 17:20:11,027][__main__][INFO] -   [Gemma-3-4B] [30/60] gsm8k_0007 | ✅=False | c_beh=0.60 | c_rep=0.94 | gap=+0.34 | ETA 337s
[2026-03-07 17:20:15,035][__main__][INFO] -   [Gemma-3-4B] [31/60] arc_0003 | ✅=True | c_beh=1.00 | c_rep=0.90 | gap=-0.10 | ETA 319s
[2026-03-07 17:20:17,430][__main__][INFO] -   [Gemma-3-12B] [27/60] tqa_0014 | ✅=True | c_beh=1.00 | c_rep=0.92 | gap=-0.08 | ETA 420s
[2026-03-07 17:20:18,890][__main__][INFO] -   [Gemma-3-4B] [32/60] arc_0013 | ✅=True | c_beh=1.00 | c_rep=0.86 | gap=-0.14 | ETA 302s
[2026-03-07 17:20:22,124][__main__][INFO] -   [Gemma-3-27B] [25/60] tqa_0011 | ✅=True | c_beh=1.00 | c_rep=0.90 | gap=-0.10 | ETA 487s
[2026-03-07 17:20:25,612][__main__][INFO] -   [Gemma-3-27B] [26/60] arc_0009 | ✅=True | c_beh=1.00 | c_rep=0.85 | gap=-0.15 | ETA 460s
[2026-03-07 17:20:26,549][__main__][INFO] -   [Gemma-3-12B] [28/60] arc_0010 | ✅=True | c_beh=1.00 | c_rep=0.91 | gap=-0.09 | ETA 403s
[2026-03-07 17:20:28,820][__main__][INFO] -   [Gemma-3-12B] [29/60] mmlu_college_physics_0000 | ✅=False | c_beh=0.80 | c_rep=0.69 | gap=-0.11 | ETA 379s
[2026-03-07 17:20:38,865][__main__][INFO] -   [Gemma-3-12B] [30/60] arc_0003 | ✅=True | c_beh=0.90 | c_rep=0.83 | gap=-0.07 | ETA 365s
[2026-03-07 17:20:43,701][__main__][INFO] -   [Gemma-3-12B] [31/60] arc_0013 | ✅=True | c_beh=1.00 | c_rep=0.94 | gap=-0.07 | ETA 346s
[2026-03-07 17:20:54,886][__main__][INFO] -   [Gemma-3-27B] [27/60] tqa_0014 | ✅=True | c_beh=1.00 | c_rep=0.85 | gap=-0.15 | ETA 465s
[2026-03-07 17:20:57,614][__main__][INFO] -   [Gemma-3-27B] [28/60] arc_0010 | ✅=True | c_beh=1.00 | c_rep=0.90 | gap=-0.10 | ETA 438s
[2026-03-07 17:21:01,756][__main__][INFO] -   [Gemma-3-27B] [29/60] mmlu_college_physics_0000 | ✅=False | c_beh=0.80 | c_rep=0.74 | gap=-0.06 | ETA 414s
[2026-03-07 17:21:12,917][__main__][INFO] -   [Gemma-3-12B] [32/60] gsm8k_0007 | ✅=False | c_beh=1.00 | c_rep=0.89 | gap=-0.11 | ETA 349s
[2026-03-07 17:21:13,731][__main__][INFO] -   [Gemma-3-27B] [30/60] arc_0003 | ✅=True | c_beh=1.00 | c_rep=0.85 | gap=-0.15 | ETA 400s
[2026-03-07 17:21:16,505][__main__][INFO] -   [Gemma-3-4B] [33/60] tqa_0009 | ✅=True | c_beh=1.00 | c_rep=0.85 | gap=-0.14 | ETA 329s
[2026-03-07 17:21:19,471][__main__][INFO] -   [Gemma-3-4B] [34/60] arc_0011 | ✅=False | c_beh=1.00 | c_rep=0.90 | gap=-0.10 | ETA 310s
[2026-03-07 17:21:22,573][__main__][INFO] -   [Gemma-3-27B] [31/60] arc_0013 | ✅=True | c_beh=1.00 | c_rep=0.90 | gap=-0.10 | ETA 382s
[2026-03-07 17:21:25,052][__main__][INFO] -   [Gemma-3-27B] [32/60] gsm8k_0007 | ✅=False | c_beh=1.00 | c_rep=0.77 | gap=-0.23 | ETA 360s
[2026-03-07 17:21:30,017][__main__][INFO] -   [Gemma-3-4B] [35/60] mmlu_jurisprudence_0012 | ✅=True | c_beh=1.00 | c_rep=0.95 | gap=-0.05 | ETA 297s
[2026-03-07 17:21:34,724][__main__][INFO] -   [Gemma-3-4B] [36/60] tqa_0005 | ✅=True | c_beh=0.80 | c_rep=0.77 | gap=-0.04 | ETA 281s
[2026-03-07 17:21:43,984][__main__][INFO] -   [Gemma-3-12B] [33/60] tqa_0009 | ✅=False | c_beh=1.00 | c_rep=0.69 | gap=-0.31 | ETA 352s
[2026-03-07 17:21:49,418][__main__][INFO] -   [Gemma-3-4B] [37/60] tqa_0012 | ✅=False | c_beh=1.00 | c_rep=0.88 | gap=-0.12 | ETA 271s
[2026-03-07 17:21:49,679][__main__][INFO] -   [Gemma-3-12B] [34/60] arc_0011 | ✅=True | c_beh=1.00 | c_rep=0.91 | gap=-0.09 | ETA 333s
[2026-03-07 17:21:51,903][__main__][INFO] -   [Gemma-3-4B] [38/60] tqa_0002 | ✅=False | c_beh=1.00 | c_rep=0.75 | gap=-0.25 | ETA 254s
[2026-03-07 17:22:04,088][__main__][INFO] -   [Gemma-3-4B] [39/60] gsm8k_0008 | ✅=True | c_beh=1.00 | c_rep=0.95 | gap=-0.05 | ETA 242s
[2026-03-07 17:22:04,715][__main__][INFO] -   [Gemma-3-4B] [40/60] gsm8k_0003 | ✅=False | c_beh=0.90 | c_rep=0.76 | gap=-0.14 | ETA 225s
[2026-03-07 17:22:06,189][__main__][INFO] -   [Gemma-3-27B] [33/60] tqa_0009 | ✅=True | c_beh=1.00 | c_rep=0.83 | gap=-0.17 | ETA 370s
[2026-03-07 17:22:09,390][__main__][INFO] -   [Gemma-3-27B] [34/60] arc_0011 | ✅=True | c_beh=1.00 | c_rep=0.90 | gap=-0.10 | ETA 348s
[2026-03-07 17:22:11,702][__main__][INFO] -   [Gemma-3-12B] [35/60] mmlu_jurisprudence_0012 | ✅=True | c_beh=1.00 | c_rep=0.86 | gap=-0.14 | ETA 327s
[2026-03-07 17:22:14,142][__main__][INFO] -   [Gemma-3-12B] [36/60] tqa_0005 | ✅=True | c_beh=1.00 | c_rep=0.92 | gap=-0.08 | ETA 307s
[2026-03-07 17:22:16,093][__main__][INFO] -   [Gemma-3-12B] [37/60] tqa_0012 | ✅=False | c_beh=1.00 | c_rep=0.90 | gap=-0.10 | ETA 287s
[2026-03-07 17:22:17,849][__main__][INFO] -   [Gemma-3-12B] [38/60] tqa_0002 | ✅=False | c_beh=1.00 | c_rep=0.80 | gap=-0.20 | ETA 269s
[2026-03-07 17:22:23,640][__main__][INFO] -   [Gemma-3-12B] [39/60] gsm8k_0003 | ✅=False | c_beh=1.00 | c_rep=0.89 | gap=-0.11 | ETA 253s
[2026-03-07 17:22:32,162][__main__][INFO] -   [Gemma-3-27B] [35/60] mmlu_jurisprudence_0012 | ✅=True | c_beh=1.00 | c_rep=0.90 | gap=-0.10 | ETA 342s
[2026-03-07 17:22:39,586][__main__][INFO] -   [Gemma-3-27B] [36/60] tqa_0005 | ✅=True | c_beh=0.70 | c_rep=0.77 | gap=+0.07 | ETA 324s
[2026-03-07 17:22:56,193][__main__][INFO] -   [Gemma-3-12B] [40/60] gsm8k_0008 | ✅=False | c_beh=0.90 | c_rep=0.93 | gap=+0.03 | ETA 251s
[2026-03-07 17:22:57,761][__main__][INFO] -   [Gemma-3-27B] [37/60] tqa_0012 | ✅=False | c_beh=1.00 | c_rep=0.88 | gap=-0.12 | ETA 313s
[2026-03-07 17:22:59,992][__main__][INFO] -   [Gemma-3-4B] [41/60] mmlu_management_0013 | ✅=True | c_beh=1.00 | c_rep=0.78 | gap=-0.22 | ETA 235s
[2026-03-07 17:23:11,664][__main__][INFO] -   [Gemma-3-27B] [38/60] gsm8k_0003 | ✅=False | c_beh=1.00 | c_rep=0.73 | gap=-0.27 | ETA 300s
[2026-03-07 17:23:18,989][__main__][INFO] -   [Gemma-3-27B] [39/60] tqa_0002 | ✅=False | c_beh=1.00 | c_rep=0.72 | gap=-0.28 | ETA 283s
[2026-03-07 17:23:28,421][confidence_tom.parsing][WARNING] - [google/gemma-3-4b-it] Failed to parse response. First 200 chars: Here's my breakdown:  1. Let 'c' be the number of cats. 2. The number of snakes is 'c + 6'. 3. The number of parrots is 'c - 1'. 4. The number of four-legged pets is 6 (dogs) + (number of cats with 4
[2026-03-07 17:23:33,092][confidence_tom.parsing][WARNING] - [google/gemma-3-4b-it] Failed to parse response. First 200 chars: Here's my solution:  Let's use variables to represent the number of each type of pet: *  c = number of cats *  s = number of snakes *  p = number of parrots  We are given the following information: *
[2026-03-07 17:23:51,319][__main__][INFO] -   [Gemma-3-4B] [42/60] gsm8k_0012 | ✅=False | c_beh=1.00 | c_rep=0.94 | gap=-0.06 | ETA 239s
[2026-03-07 17:23:51,716][confidence_tom.parsing][WARNING] - [google/gemma-3-4b-it] Failed to parse response. First 200 chars: Here's my solution:  1.  Let 'c' be the number of cats. 2.  The number of snakes is 'c + 6'. 3.  The number of parrots is 'c - 1'. 4.  The total number of pets with four legs is 6 (dogs) + (number of
[2026-03-07 17:23:52,283][confidence_tom.parsing][WARNING] - [google/gemma-3-4b-it] Failed to parse response. First 200 chars: Here's my solution:  Let 'c' be the number of cats. The number of snakes is 'c + 6'. The number of parrots is 'c - 1'. The number of four-legged pets is 6 (dogs + some other four-legged pets). We know
[2026-03-07 17:23:52,287][__main__][INFO] -   [Gemma-3-4B] [43/60] gsm8k_0001 | ✅=True | c_beh=0.50 | c_rep=0.82 | gap=+0.32 | ETA 221s
[2026-03-07 17:23:54,244][__main__][INFO] -   [Gemma-3-27B] [40/60] gsm8k_0008 | ✅=False | c_beh=0.90 | c_rep=0.83 | gap=-0.07 | ETA 280s
[2026-03-07 17:23:56,858][__main__][INFO] -   [Gemma-3-4B] [44/60] mmlu_high_school_statistics_0002 | ✅=True | c_beh=1.00 | c_rep=0.85 | gap=-0.15 | ETA 205s
[2026-03-07 17:23:56,910][__main__][INFO] -   [Gemma-3-12B] [41/60] mmlu_management_0013 | ✅=True | c_beh=1.00 | c_rep=0.75 | gap=-0.25 | ETA 261s
[2026-03-07 17:23:58,825][__main__][INFO] -   [Gemma-3-4B] [45/60] arc_0012 | ✅=True | c_beh=1.00 | c_rep=0.85 | gap=-0.15 | ETA 188s
[2026-03-07 17:24:10,672][__main__][INFO] -   [Gemma-3-4B] [46/60] tqa_0007 | ✅=True | c_beh=0.90 | c_rep=0.89 | gap=-0.01 | ETA 176s
[2026-03-07 17:24:19,447][__main__][INFO] -   [Gemma-3-4B] [47/60] mmlu_security_studies_0005 | ✅=True | c_beh=0.50 | c_rep=0.78 | gap=+0.28 | ETA 162s
[2026-03-07 17:24:22,117][__main__][INFO] -   [Gemma-3-4B] [48/60] tqa_0004 | ✅=False | c_beh=1.00 | c_rep=0.76 | gap=-0.24 | ETA 147s
[2026-03-07 17:24:27,404][__main__][INFO] -   [Gemma-3-27B] [41/60] mmlu_management_0013 | ✅=True | c_beh=1.00 | c_rep=0.75 | gap=-0.25 | ETA 275s
[2026-03-07 17:24:29,318][__main__][INFO] -   [Gemma-3-12B] [42/60] gsm8k_0001 | ✅=False | c_beh=1.00 | c_rep=0.70 | gap=-0.30 | ETA 255s
[2026-03-07 17:24:35,879][__main__][INFO] -   [Gemma-3-27B] [42/60] gsm8k_0001 | ✅=True | c_beh=1.00 | c_rep=0.66 | gap=-0.34 | ETA 258s
[2026-03-07 17:24:46,003][__main__][INFO] -   [Gemma-3-12B] [43/60] mmlu_high_school_statistics_0002 | ✅=True | c_beh=1.00 | c_rep=0.79 | gap=-0.21 | ETA 242s
[2026-03-07 17:24:46,610][__main__][INFO] -   [Gemma-3-12B] [44/60] arc_0012 | ✅=True | c_beh=1.00 | c_rep=0.86 | gap=-0.14 | ETA 223s
[2026-03-07 17:24:48,312][__main__][INFO] -   [Gemma-3-12B] [45/60] tqa_0007 | ✅=True | c_beh=1.00 | c_rep=0.85 | gap=-0.15 | ETA 205s
[2026-03-07 17:24:50,796][__main__][INFO] -   [Gemma-3-12B] [46/60] mmlu_security_studies_0005 | ✅=True | c_beh=1.00 | c_rep=0.71 | gap=-0.29 | ETA 188s
[2026-03-07 17:24:59,184][__main__][INFO] -   [Gemma-3-12B] [47/60] gsm8k_0012 | ✅=False | c_beh=1.00 | c_rep=0.83 | gap=-0.17 | ETA 173s
[2026-03-07 17:25:17,689][__main__][INFO] -   [Gemma-3-27B] [43/60] mmlu_high_school_statistics_0002 | ✅=True | c_beh=1.00 | c_rep=0.75 | gap=-0.25 | ETA 254s
[2026-03-07 17:25:19,372][__main__][INFO] -   [Gemma-3-12B] [48/60] tqa_0004 | ✅=False | c_beh=1.00 | c_rep=0.82 | gap=-0.18 | ETA 161s
[2026-03-07 17:25:21,708][__main__][INFO] -   [Gemma-3-27B] [44/60] arc_0012 | ✅=True | c_beh=1.00 | c_rep=0.85 | gap=-0.15 | ETA 236s
[2026-03-07 17:25:23,193][__main__][INFO] -   [Gemma-3-4B] [49/60] gsm8k_0006 | ✅=True | c_beh=1.00 | c_rep=0.90 | gap=-0.10 | ETA 146s
[2026-03-07 17:25:23,258][__main__][INFO] -   [Gemma-3-27B] [45/60] gsm8k_0012 | ✅=False | c_beh=1.00 | c_rep=0.80 | gap=-0.20 | ETA 216s
[2026-03-07 17:25:25,475][__main__][INFO] -   [Gemma-3-27B] [46/60] tqa_0007 | ✅=True | c_beh=1.00 | c_rep=0.89 | gap=-0.12 | ETA 198s
[2026-03-07 17:25:29,054][__main__][INFO] -   [Gemma-3-27B] [47/60] mmlu_security_studies_0005 | ✅=True | c_beh=1.00 | c_rep=0.67 | gap=-0.33 | ETA 181s
[2026-03-07 17:25:30,633][__main__][INFO] -   [Gemma-3-4B] [50/60] tqa_0013 | ✅=True | c_beh=1.00 | c_rep=0.85 | gap=-0.15 | ETA 131s
[2026-03-07 17:25:32,582][__main__][INFO] -   [Gemma-3-4B] [51/60] mmlu_conceptual_physics_0006 | ✅=False | c_beh=1.00 | c_rep=0.91 | gap=-0.10 | ETA 116s
[2026-03-07 17:25:35,669][__main__][INFO] -   [Gemma-3-27B] [48/60] tqa_0004 | ✅=False | c_beh=1.00 | c_rep=0.78 | gap=-0.22 | ETA 165s
[2026-03-07 17:25:40,179][__main__][INFO] -   [Gemma-3-4B] [52/60] gsm8k_0011 | ✅=False | c_beh=1.00 | c_rep=0.93 | gap=-0.07 | ETA 102s
[2026-03-07 17:25:45,756][__main__][INFO] -   [Gemma-3-4B] [53/60] mmlu_professional_law_0008 | ✅=False | c_beh=1.00 | c_rep=0.85 | gap=-0.15 | ETA 89s
[2026-03-07 17:25:50,039][__main__][INFO] -   [Gemma-3-4B] [54/60] mmlu_public_relations_0014 | ✅=True | c_beh=1.00 | c_rep=0.90 | gap=-0.10 | ETA 75s
[2026-03-07 17:25:51,539][__main__][INFO] -   [Gemma-3-4B] [55/60] arc_0000 | ✅=True | c_beh=1.00 | c_rep=0.85 | gap=-0.15 | ETA 62s
[2026-03-07 17:25:54,339][__main__][INFO] -   [Gemma-3-4B] [56/60] arc_0002 | ✅=True | c_beh=1.00 | c_rep=0.85 | gap=-0.15 | ETA 49s
[2026-03-07 17:25:55,552][__main__][INFO] -   [Gemma-3-12B] [49/60] gsm8k_0006 | ✅=False | c_beh=1.00 | c_rep=0.95 | gap=-0.05 | ETA 153s
[2026-03-07 17:25:57,033][__main__][INFO] -   [Gemma-3-27B] [49/60] gsm8k_0006 | ✅=True | c_beh=1.00 | c_rep=0.94 | gap=-0.06 | ETA 153s
[2026-03-07 17:25:59,111][__main__][INFO] -   [Gemma-3-12B] [50/60] tqa_0013 | ✅=True | c_beh=1.00 | c_rep=0.85 | gap=-0.15 | ETA 137s
[2026-03-07 17:26:01,095][__main__][INFO] -   [Gemma-3-27B] [50/60] tqa_0013 | ✅=True | c_beh=1.00 | c_rep=0.85 | gap=-0.14 | ETA 137s
[2026-03-07 17:26:02,938][__main__][INFO] -   [Gemma-3-12B] [51/60] mmlu_conceptual_physics_0006 | ✅=True | c_beh=1.00 | c_rep=0.70 | gap=-0.30 | ETA 122s
[2026-03-07 17:26:05,570][__main__][INFO] -   [Gemma-3-12B] [52/60] gsm8k_0011 | ✅=False | c_beh=1.00 | c_rep=0.82 | gap=-0.18 | ETA 106s
[2026-03-07 17:26:09,268][__main__][INFO] -   [Gemma-3-12B] [53/60] mmlu_professional_law_0008 | ✅=False | c_beh=1.00 | c_rep=0.71 | gap=-0.29 | ETA 92s
[2026-03-07 17:26:11,324][__main__][INFO] -   [Gemma-3-12B] [54/60] mmlu_public_relations_0014 | ✅=True | c_beh=1.00 | c_rep=0.73 | gap=-0.27 | ETA 77s
[2026-03-07 17:26:11,479][__main__][INFO] -   [Gemma-3-12B] [55/60] arc_0000 | ✅=True | c_beh=1.00 | c_rep=0.89 | gap=-0.12 | ETA 63s
[2026-03-07 17:26:15,076][__main__][INFO] -   [Gemma-3-27B] [51/60] mmlu_conceptual_physics_0006 | ✅=True | c_beh=1.00 | c_rep=0.86 | gap=-0.14 | ETA 124s
[2026-03-07 17:26:15,612][__main__][INFO] -   [Gemma-3-12B] [56/60] arc_0002 | ✅=True | c_beh=1.00 | c_rep=0.85 | gap=-0.15 | ETA 50s
[2026-03-07 17:26:41,615][__main__][INFO] -   [Gemma-3-27B] [52/60] gsm8k_0011 | ✅=False | c_beh=1.00 | c_rep=0.65 | gap=-0.35 | ETA 112s
[2026-03-07 17:26:48,447][__main__][INFO] -   [Gemma-3-27B] [53/60] mmlu_professional_law_0008 | ✅=False | c_beh=1.00 | c_rep=0.75 | gap=-0.25 | ETA 97s
[2026-03-07 17:26:48,624][__main__][INFO] -   [Gemma-3-27B] [54/60] mmlu_public_relations_0014 | ✅=True | c_beh=1.00 | c_rep=0.80 | gap=-0.20 | ETA 82s
[2026-03-07 17:26:52,120][__main__][INFO] -   [Gemma-3-27B] [55/60] arc_0000 | ✅=True | c_beh=1.00 | c_rep=0.86 | gap=-0.14 | ETA 67s
[2026-03-07 17:26:55,047][__main__][INFO] -   [Gemma-3-4B] [57/60] mmlu_marketing_0007 | ✅=True | c_beh=1.00 | c_rep=0.94 | gap=-0.06 | ETA 39s
[2026-03-07 17:26:56,107][__main__][INFO] -   [Gemma-3-4B] [58/60] mmlu_anatomy_0001 | ✅=True | c_beh=1.00 | c_rep=0.74 | gap=-0.26 | ETA 26s
[2026-03-07 17:26:59,738][__main__][INFO] -   [Gemma-3-4B] [59/60] gsm8k_0002 | ✅=True | c_beh=0.60 | c_rep=0.77 | gap=+0.17 | ETA 13s
[2026-03-07 17:27:00,167][__main__][INFO] -   [Gemma-3-27B] [56/60] arc_0002 | ✅=True | c_beh=1.00 | c_rep=0.75 | gap=-0.25 | ETA 53s
[2026-03-07 17:27:01,757][__main__][INFO] -   [Gemma-3-4B] [60/60] tqa_0010 | ✅=False | c_beh=1.00 | c_rep=0.85 | gap=-0.15 | ETA 0s
[2026-03-07 17:27:01,760][__main__][INFO] - ✅ [Gemma-3-4B] Complete in 748s | success=60 | failed=0 | skipped=0 | parse_fail=4
[2026-03-07 17:27:12,381][__main__][INFO] -   [Gemma-3-27B] [57/60] gsm8k_0002 | ✅=True | c_beh=1.00 | c_rep=0.75 | gap=-0.25 | ETA 40s
[2026-03-07 17:27:14,180][__main__][INFO] -   [Gemma-3-12B] [57/60] mmlu_anatomy_0001 | ✅=False | c_beh=1.00 | c_rep=0.85 | gap=-0.15 | ETA 40s
[2026-03-07 17:27:17,481][__main__][INFO] -   [Gemma-3-27B] [58/60] mmlu_anatomy_0001 | ✅=True | c_beh=0.60 | c_rep=0.71 | gap=+0.11 | ETA 26s
[2026-03-07 17:27:20,755][__main__][INFO] -   [Gemma-3-12B] [58/60] mmlu_marketing_0007 | ✅=True | c_beh=1.00 | c_rep=0.82 | gap=-0.18 | ETA 26s
[2026-03-07 17:27:23,191][__main__][INFO] -   [Gemma-3-12B] [59/60] tqa_0010 | ✅=False | c_beh=1.00 | c_rep=0.90 | gap=-0.10 | ETA 13s
[2026-03-07 17:27:26,075][__main__][INFO] -   [Gemma-3-27B] [59/60] mmlu_marketing_0007 | ✅=True | c_beh=1.00 | c_rep=0.90 | gap=-0.10 | ETA 13s
[2026-03-07 17:27:28,001][__main__][INFO] -   [Gemma-3-27B] [60/60] tqa_0010 | ✅=False | c_beh=1.00 | c_rep=0.85 | gap=-0.14 | ETA 0s
[2026-03-07 17:27:28,001][__main__][INFO] - ✅ [Gemma-3-27B] Complete in 774s | success=60 | failed=0 | skipped=0 | parse_fail=0
[2026-03-07 17:27:47,260][__main__][INFO] -   [Gemma-3-12B] [60/60] gsm8k_0002 | ✅=True | c_beh=1.00 | c_rep=0.77 | gap=-0.23 | ETA 0s
[2026-03-07 17:27:47,261][__main__][INFO] - ✅ [Gemma-3-12B] Complete in 793s | success=60 | failed=0 | skipped=0 | parse_fail=0
[2026-03-07 17:27:47,273][__main__][INFO] -
============================================================
[2026-03-07 17:27:47,273][__main__][INFO] - 📊 EXPERIMENT SUMMARY
[2026-03-07 17:27:47,273][__main__][INFO] - ============================================================
[2026-03-07 17:27:47,281][__main__][INFO] -         Gemma-3-4B: 60/60 done | new=60 | failed=0 | resumed=0
[2026-03-07 17:27:47,281][__main__][INFO] -        Gemma-3-12B: 60/60 done | new=60 | failed=0 | resumed=0
[2026-03-07 17:27:47,281][__main__][INFO] -        Gemma-3-27B: 60/60 done | new=60 | failed=0 | resumed=0
[2026-03-07 17:27:47,282][__main__][INFO] -
✅ Results saved to: results/scale/
